2025-03-20 11:54:40,852 - sentence_transformers.SentenceTransformer - INFO - Use pytorch device_name: cpu
2025-03-20 11:54:40,852 - sentence_transformers.SentenceTransformer - INFO - Load pretrained SentenceTransformer: sentence-transformers/all-MiniLM-L6-v2
2025-03-20 11:54:55,560 - local_ai_server.vector_store - INFO - Created collection: documents
2025-03-20 12:01:23,111 - sentence_transformers.SentenceTransformer - INFO - Use pytorch device_name: cpu
2025-03-20 12:01:23,111 - sentence_transformers.SentenceTransformer - INFO - Load pretrained SentenceTransformer: sentence-transformers/all-MiniLM-L6-v2
2025-03-20 13:29:53,750 - sentence_transformers.SentenceTransformer - INFO - Use pytorch device_name: cpu
2025-03-20 13:29:53,750 - sentence_transformers.SentenceTransformer - INFO - Load pretrained SentenceTransformer: sentence-transformers/all-MiniLM-L6-v2
2025-03-20 13:29:55,725 - local_ai_server.history_manager - INFO - Created collection: response_history
2025-03-20 13:29:55,725 - local_ai_server.history_manager - INFO - Response history manager initialized (enabled: False)
2025-03-20 13:31:42,056 - sentence_transformers.SentenceTransformer - INFO - Use pytorch device_name: cpu
2025-03-20 13:31:42,056 - sentence_transformers.SentenceTransformer - INFO - Load pretrained SentenceTransformer: sentence-transformers/all-MiniLM-L6-v2
2025-03-20 13:31:43,723 - local_ai_server.history_manager - INFO - Response history manager initialized (enabled: False)
2025-03-20 13:35:09,958 - sentence_transformers.SentenceTransformer - INFO - Use pytorch device_name: cpu
2025-03-20 13:35:09,959 - sentence_transformers.SentenceTransformer - INFO - Load pretrained SentenceTransformer: sentence-transformers/all-MiniLM-L6-v2
2025-03-20 13:35:12,459 - local_ai_server.history_manager - INFO - Response history manager initialized (enabled: False)
2025-03-20 15:25:46,932 - sentence_transformers.SentenceTransformer - INFO - Use pytorch device_name: cpu
2025-03-20 15:25:46,932 - sentence_transformers.SentenceTransformer - INFO - Load pretrained SentenceTransformer: sentence-transformers/all-MiniLM-L6-v2
2025-03-20 15:25:49,412 - local_ai_server.history_manager - ERROR - Failed to initialize history manager: Storage folder /media/hannesn/Hannes1/Code/LocalAIServer/local_ai_server/storage/vectors is already accessed by another instance of Qdrant client. If you require concurrent access, use Qdrant server instead.
2025-03-20 15:25:49,412 - local_ai_server.rag - ERROR - Error in RAG response generation: Storage folder /media/hannesn/Hannes1/Code/LocalAIServer/local_ai_server/storage/vectors is already accessed by another instance of Qdrant client. If you require concurrent access, use Qdrant server instead.
Traceback (most recent call last):
  File "/media/hannesn/Hannes1/Code/LocalAIServer/.venv/lib/python3.12/site-packages/portalocker/portalocker.py", line 118, in lock
    LOCKER(file_, flags)
BlockingIOError: [Errno 11] Resource temporarily unavailable

The above exception was the direct cause of the following exception:

Traceback (most recent call last):
  File "/media/hannesn/Hannes1/Code/LocalAIServer/.venv/lib/python3.12/site-packages/qdrant_client/local/qdrant_local.py", line 134, in _load
    portalocker.lock(
  File "/media/hannesn/Hannes1/Code/LocalAIServer/.venv/lib/python3.12/site-packages/portalocker/portalocker.py", line 131, in lock
    raise exceptions.AlreadyLocked(
portalocker.exceptions.AlreadyLocked: [Errno 11] Resource temporarily unavailable

During handling of the above exception, another exception occurred:

Traceback (most recent call last):
  File "/media/hannesn/Hannes1/Code/LocalAIServer/local_ai_server/rag.py", line 108, in generate_rag_response
    history_manager = get_response_history()  # Use factory function
                      ^^^^^^^^^^^^^^^^^^^^^^
  File "/media/hannesn/Hannes1/Code/LocalAIServer/local_ai_server/history_manager.py", line 342, in get_response_history
    response_history._initialize()
  File "/media/hannesn/Hannes1/Code/LocalAIServer/local_ai_server/history_manager.py", line 64, in _initialize
    self.client = QdrantClient(path=str(self.storage_path))
                  ^^^^^^^^^^^^^^^^^^^^^^^^^^^^^^^^^^^^^^^^^
  File "/media/hannesn/Hannes1/Code/LocalAIServer/.venv/lib/python3.12/site-packages/qdrant_client/qdrant_client.py", line 130, in __init__
    self._client = QdrantLocal(
                   ^^^^^^^^^^^^
  File "/media/hannesn/Hannes1/Code/LocalAIServer/.venv/lib/python3.12/site-packages/qdrant_client/local/qdrant_local.py", line 67, in __init__
    self._load()
  File "/media/hannesn/Hannes1/Code/LocalAIServer/.venv/lib/python3.12/site-packages/qdrant_client/local/qdrant_local.py", line 139, in _load
    raise RuntimeError(
RuntimeError: Storage folder /media/hannesn/Hannes1/Code/LocalAIServer/local_ai_server/storage/vectors is already accessed by another instance of Qdrant client. If you require concurrent access, use Qdrant server instead.
2025-03-20 15:25:49,416 - local_ai_server.endpoints - ERROR - RAG streaming error: Storage folder /media/hannesn/Hannes1/Code/LocalAIServer/local_ai_server/storage/vectors is already accessed by another instance of Qdrant client. If you require concurrent access, use Qdrant server instead.
2025-03-20 15:29:55,714 - sentence_transformers.SentenceTransformer - INFO - Use pytorch device_name: cpu
2025-03-20 15:29:55,714 - sentence_transformers.SentenceTransformer - INFO - Load pretrained SentenceTransformer: sentence-transformers/all-MiniLM-L6-v2
2025-03-20 15:30:01,488 - local_ai_server.app_state - INFO - Vector store initialized
2025-03-20 15:30:01,494 - local_ai_server.history_manager - ERROR - Failed to initialize history manager: Storage folder /media/hannesn/Hannes1/Code/LocalAIServer/local_ai_server/storage/vectors is already accessed by another instance of Qdrant client. If you require concurrent access, use Qdrant server instead.
2025-03-20 15:30:01,495 - local_ai_server.app_state - ERROR - Error initializing resources: Storage folder /media/hannesn/Hannes1/Code/LocalAIServer/local_ai_server/storage/vectors is already accessed by another instance of Qdrant client. If you require concurrent access, use Qdrant server instead.
2025-03-20 15:31:35,859 - local_ai_server.rag - ERROR - Error in RAG response generation: 'NoneType' object has no attribute 'find_similar_responses'
Traceback (most recent call last):
  File "/media/hannesn/Hannes1/Code/LocalAIServer/local_ai_server/rag.py", line 115, in generate_rag_response
    history_items = history_manager.find_similar_responses(
                    ^^^^^^^^^^^^^^^^^^^^^^^^^^^^^^^^^^^^^^
AttributeError: 'NoneType' object has no attribute 'find_similar_responses'
2025-03-20 15:31:35,860 - local_ai_server.endpoints - ERROR - RAG streaming error: 'NoneType' object has no attribute 'find_similar_responses'
2025-03-20 15:33:25,187 - local_ai_server.app_state - INFO - Cleaning up application resources...
2025-03-20 15:33:25,187 - local_ai_server.app_state - INFO - Vector store closed
2025-03-20 15:33:35,085 - local_ai_server.app_state - WARNING - Found stale lock file at /media/hannesn/Hannes1/Code/LocalAIServer/local_ai_server/storage/vectors/.lock. Removing it...
2025-03-20 15:33:36,119 - sentence_transformers.SentenceTransformer - INFO - Use pytorch device_name: cpu
2025-03-20 15:33:36,119 - sentence_transformers.SentenceTransformer - INFO - Load pretrained SentenceTransformer: sentence-transformers/all-MiniLM-L6-v2
2025-03-20 15:33:38,353 - local_ai_server.app_state - INFO - Vector store initialized
2025-03-20 15:33:39,212 - local_ai_server.history_manager - ERROR - Failed to initialize history manager: Storage folder /media/hannesn/Hannes1/Code/LocalAIServer/local_ai_server/storage/vectors is already accessed by another instance of Qdrant client. If you require concurrent access, use Qdrant server instead.
2025-03-20 15:33:39,213 - local_ai_server.app_state - ERROR - Error initializing history manager: Storage folder /media/hannesn/Hannes1/Code/LocalAIServer/local_ai_server/storage/vectors is already accessed by another instance of Qdrant client. If you require concurrent access, use Qdrant server instead.
2025-03-20 15:33:39,213 - local_ai_server.history_manager - WARNING - Using dummy history manager with limited functionality
2025-03-20 15:33:39,213 - local_ai_server.app_state - WARNING - Using dummy history manager due to initialization failure
2025-03-20 15:34:34,620 - local_ai_server.vector_store - WARNING - query_points failed, falling back to search: Unknown arguments: ['query_vector']
2025-03-20 15:37:42,377 - local_ai_server.app_state - INFO - Cleaning up application resources...
2025-03-20 15:37:42,378 - local_ai_server.app_state - INFO - Vector store closed
2025-03-20 15:37:42,378 - local_ai_server.app_state - INFO - History manager closed
2025-03-20 15:37:53,907 - local_ai_server.app_state - WARNING - Found stale lock file at /media/hannesn/Hannes1/Code/LocalAIServer/local_ai_server/storage/vectors/.lock. Removing it...
2025-03-20 15:37:54,934 - sentence_transformers.SentenceTransformer - INFO - Use pytorch device_name: cpu
2025-03-20 15:37:54,934 - sentence_transformers.SentenceTransformer - INFO - Load pretrained SentenceTransformer: sentence-transformers/all-MiniLM-L6-v2
2025-03-20 15:37:56,693 - local_ai_server.app_state - INFO - Vector store initialized
2025-03-20 15:37:57,397 - local_ai_server.history_manager - ERROR - Failed to initialize history manager: Storage folder /media/hannesn/Hannes1/Code/LocalAIServer/local_ai_server/storage/vectors is already accessed by another instance of Qdrant client. If you require concurrent access, use Qdrant server instead.
2025-03-20 15:37:57,398 - local_ai_server.app_state - ERROR - Error initializing history manager: Storage folder /media/hannesn/Hannes1/Code/LocalAIServer/local_ai_server/storage/vectors is already accessed by another instance of Qdrant client. If you require concurrent access, use Qdrant server instead.
2025-03-20 15:37:57,398 - local_ai_server.history_manager - WARNING - Using dummy history manager with limited functionality
2025-03-20 15:37:57,398 - local_ai_server.app_state - WARNING - Using dummy history manager due to initialization failure
2025-03-20 15:38:57,042 - local_ai_server.vector_store - WARNING - query_points failed, falling back to search: Unknown arguments: ['query_vector']
2025-03-20 15:40:37,183 - local_ai_server.history_manager - ERROR - Failed to initialize history manager: Storage folder /media/hannesn/Hannes1/Code/LocalAIServer/local_ai_server/storage/vectors is already accessed by another instance of Qdrant client. If you require concurrent access, use Qdrant server instead.
2025-03-20 15:40:37,183 - local_ai_server.endpoints - ERROR - Error searching history: Storage folder /media/hannesn/Hannes1/Code/LocalAIServer/local_ai_server/storage/vectors is already accessed by another instance of Qdrant client. If you require concurrent access, use Qdrant server instead.
2025-03-20 15:40:46,508 - local_ai_server.history_manager - ERROR - Failed to initialize history manager: Storage folder /media/hannesn/Hannes1/Code/LocalAIServer/local_ai_server/storage/vectors is already accessed by another instance of Qdrant client. If you require concurrent access, use Qdrant server instead.
2025-03-20 15:40:46,508 - local_ai_server.endpoints - ERROR - Error searching history: Storage folder /media/hannesn/Hannes1/Code/LocalAIServer/local_ai_server/storage/vectors is already accessed by another instance of Qdrant client. If you require concurrent access, use Qdrant server instead.
2025-03-20 15:40:47,396 - local_ai_server.history_manager - ERROR - Failed to initialize history manager: Storage folder /media/hannesn/Hannes1/Code/LocalAIServer/local_ai_server/storage/vectors is already accessed by another instance of Qdrant client. If you require concurrent access, use Qdrant server instead.
2025-03-20 15:40:47,396 - local_ai_server.endpoints - ERROR - Error searching history: Storage folder /media/hannesn/Hannes1/Code/LocalAIServer/local_ai_server/storage/vectors is already accessed by another instance of Qdrant client. If you require concurrent access, use Qdrant server instead.
2025-03-20 15:40:48,076 - local_ai_server.history_manager - ERROR - Failed to initialize history manager: Storage folder /media/hannesn/Hannes1/Code/LocalAIServer/local_ai_server/storage/vectors is already accessed by another instance of Qdrant client. If you require concurrent access, use Qdrant server instead.
2025-03-20 15:40:48,076 - local_ai_server.endpoints - ERROR - Error searching history: Storage folder /media/hannesn/Hannes1/Code/LocalAIServer/local_ai_server/storage/vectors is already accessed by another instance of Qdrant client. If you require concurrent access, use Qdrant server instead.
2025-03-20 15:40:48,698 - local_ai_server.history_manager - ERROR - Failed to initialize history manager: Storage folder /media/hannesn/Hannes1/Code/LocalAIServer/local_ai_server/storage/vectors is already accessed by another instance of Qdrant client. If you require concurrent access, use Qdrant server instead.
2025-03-20 15:40:48,698 - local_ai_server.endpoints - ERROR - Error searching history: Storage folder /media/hannesn/Hannes1/Code/LocalAIServer/local_ai_server/storage/vectors is already accessed by another instance of Qdrant client. If you require concurrent access, use Qdrant server instead.
2025-03-20 15:40:49,476 - local_ai_server.history_manager - ERROR - Failed to initialize history manager: Storage folder /media/hannesn/Hannes1/Code/LocalAIServer/local_ai_server/storage/vectors is already accessed by another instance of Qdrant client. If you require concurrent access, use Qdrant server instead.
2025-03-20 15:40:49,477 - local_ai_server.endpoints - ERROR - Error searching history: Storage folder /media/hannesn/Hannes1/Code/LocalAIServer/local_ai_server/storage/vectors is already accessed by another instance of Qdrant client. If you require concurrent access, use Qdrant server instead.
2025-03-20 15:40:50,566 - local_ai_server.history_manager - ERROR - Failed to initialize history manager: Storage folder /media/hannesn/Hannes1/Code/LocalAIServer/local_ai_server/storage/vectors is already accessed by another instance of Qdrant client. If you require concurrent access, use Qdrant server instead.
2025-03-20 15:40:50,567 - local_ai_server.endpoints - ERROR - Error searching history: Storage folder /media/hannesn/Hannes1/Code/LocalAIServer/local_ai_server/storage/vectors is already accessed by another instance of Qdrant client. If you require concurrent access, use Qdrant server instead.
2025-03-20 15:40:51,165 - local_ai_server.history_manager - ERROR - Failed to initialize history manager: Storage folder /media/hannesn/Hannes1/Code/LocalAIServer/local_ai_server/storage/vectors is already accessed by another instance of Qdrant client. If you require concurrent access, use Qdrant server instead.
2025-03-20 15:40:51,165 - local_ai_server.endpoints - ERROR - Error searching history: Storage folder /media/hannesn/Hannes1/Code/LocalAIServer/local_ai_server/storage/vectors is already accessed by another instance of Qdrant client. If you require concurrent access, use Qdrant server instead.
2025-03-20 15:40:51,826 - local_ai_server.history_manager - ERROR - Failed to initialize history manager: Storage folder /media/hannesn/Hannes1/Code/LocalAIServer/local_ai_server/storage/vectors is already accessed by another instance of Qdrant client. If you require concurrent access, use Qdrant server instead.
2025-03-20 15:40:51,826 - local_ai_server.endpoints - ERROR - Error searching history: Storage folder /media/hannesn/Hannes1/Code/LocalAIServer/local_ai_server/storage/vectors is already accessed by another instance of Qdrant client. If you require concurrent access, use Qdrant server instead.
2025-03-20 15:40:52,430 - local_ai_server.history_manager - ERROR - Failed to initialize history manager: Storage folder /media/hannesn/Hannes1/Code/LocalAIServer/local_ai_server/storage/vectors is already accessed by another instance of Qdrant client. If you require concurrent access, use Qdrant server instead.
2025-03-20 15:40:52,431 - local_ai_server.endpoints - ERROR - Error searching history: Storage folder /media/hannesn/Hannes1/Code/LocalAIServer/local_ai_server/storage/vectors is already accessed by another instance of Qdrant client. If you require concurrent access, use Qdrant server instead.
2025-03-20 15:40:53,078 - local_ai_server.history_manager - ERROR - Failed to initialize history manager: Storage folder /media/hannesn/Hannes1/Code/LocalAIServer/local_ai_server/storage/vectors is already accessed by another instance of Qdrant client. If you require concurrent access, use Qdrant server instead.
2025-03-20 15:40:53,078 - local_ai_server.endpoints - ERROR - Error searching history: Storage folder /media/hannesn/Hannes1/Code/LocalAIServer/local_ai_server/storage/vectors is already accessed by another instance of Qdrant client. If you require concurrent access, use Qdrant server instead.
2025-03-20 15:40:55,727 - local_ai_server.history_manager - ERROR - Failed to initialize history manager: Storage folder /media/hannesn/Hannes1/Code/LocalAIServer/local_ai_server/storage/vectors is already accessed by another instance of Qdrant client. If you require concurrent access, use Qdrant server instead.
2025-03-20 15:40:55,727 - local_ai_server.endpoints - ERROR - Error searching history: Storage folder /media/hannesn/Hannes1/Code/LocalAIServer/local_ai_server/storage/vectors is already accessed by another instance of Qdrant client. If you require concurrent access, use Qdrant server instead.
2025-03-20 15:46:17,388 - local_ai_server.app_state - INFO - Cleaning up application resources...
2025-03-20 15:46:17,389 - local_ai_server.app_state - INFO - Vector store closed
2025-03-20 15:46:17,389 - local_ai_server.app_state - INFO - History manager closed
2025-03-20 15:46:30,066 - local_ai_server.app_state - WARNING - Found stale lock file at /media/hannesn/Hannes1/Code/LocalAIServer/local_ai_server/storage/vectors/.lock. Removing it...
2025-03-20 15:46:31,067 - local_ai_server.vector_store_factory - INFO - Using Qdrant vector store
2025-03-20 15:46:31,109 - sentence_transformers.SentenceTransformer - INFO - Use pytorch device_name: cpu
2025-03-20 15:46:31,109 - sentence_transformers.SentenceTransformer - INFO - Load pretrained SentenceTransformer: sentence-transformers/all-MiniLM-L6-v2
2025-03-20 15:46:33,242 - local_ai_server.app_state - INFO - Vector store initialized
2025-03-20 15:46:34,262 - local_ai_server.history_manager - ERROR - Failed to initialize history manager: Storage folder /media/hannesn/Hannes1/Code/LocalAIServer/local_ai_server/storage/vectors is already accessed by another instance of Qdrant client. If you require concurrent access, use Qdrant server instead.
2025-03-20 15:46:34,262 - local_ai_server.app_state - ERROR - Error initializing history manager: Storage folder /media/hannesn/Hannes1/Code/LocalAIServer/local_ai_server/storage/vectors is already accessed by another instance of Qdrant client. If you require concurrent access, use Qdrant server instead.
2025-03-20 15:46:34,262 - local_ai_server.history_manager - WARNING - Using dummy history manager with limited functionality
2025-03-20 15:46:34,263 - local_ai_server.app_state - WARNING - Using dummy history manager due to initialization failure
2025-03-20 15:50:05,139 - local_ai_server.app_state - INFO - Cleaning up application resources...
2025-03-20 15:50:05,140 - local_ai_server.app_state - INFO - Vector store closed
2025-03-20 15:50:05,140 - local_ai_server.app_state - INFO - History manager closed
2025-03-20 15:50:16,791 - local_ai_server.app_state - WARNING - Found stale lock file at /media/hannesn/Hannes1/Code/LocalAIServer/local_ai_server/storage/vectors/.lock. Removing it...
2025-03-20 15:50:17,791 - local_ai_server.vector_store_factory - INFO - Using Qdrant vector store
2025-03-20 15:50:17,813 - sentence_transformers.SentenceTransformer - INFO - Use pytorch device_name: cpu
2025-03-20 15:50:17,814 - sentence_transformers.SentenceTransformer - INFO - Load pretrained SentenceTransformer: sentence-transformers/all-MiniLM-L6-v2
2025-03-20 15:50:19,831 - local_ai_server.app_state - INFO - Vector store initialized
2025-03-20 15:50:20,419 - local_ai_server.history_manager - ERROR - Failed to initialize history manager: Storage folder /media/hannesn/Hannes1/Code/LocalAIServer/local_ai_server/storage/vectors is already accessed by another instance of Qdrant client. If you require concurrent access, use Qdrant server instead.
2025-03-20 15:50:20,419 - local_ai_server.app_state - ERROR - Error initializing history manager: Storage folder /media/hannesn/Hannes1/Code/LocalAIServer/local_ai_server/storage/vectors is already accessed by another instance of Qdrant client. If you require concurrent access, use Qdrant server instead.
2025-03-20 15:50:20,419 - local_ai_server.history_manager - WARNING - Using dummy history manager with limited functionality
2025-03-20 15:50:20,419 - local_ai_server.app_state - WARNING - Using dummy history manager due to initialization failure
2025-03-20 15:52:30,026 - local_ai_server.app_state - INFO - Cleaning up application resources...
2025-03-20 15:52:30,027 - local_ai_server.app_state - INFO - Vector store closed
2025-03-20 15:52:30,027 - local_ai_server.app_state - INFO - History manager closed
2025-03-20 15:52:39,800 - local_ai_server.app_state - WARNING - Found stale lock file at /media/hannesn/Hannes1/Code/LocalAIServer/local_ai_server/storage/vectors/.lock. Removing it...
2025-03-20 15:52:40,800 - local_ai_server.vector_store_factory - INFO - Using Qdrant vector store
2025-03-20 15:52:40,824 - sentence_transformers.SentenceTransformer - INFO - Use pytorch device_name: cpu
2025-03-20 15:52:40,824 - sentence_transformers.SentenceTransformer - INFO - Load pretrained SentenceTransformer: sentence-transformers/all-MiniLM-L6-v2
2025-03-20 15:52:42,992 - local_ai_server.app_state - INFO - Vector store initialized
2025-03-20 15:52:44,042 - local_ai_server.history_manager - ERROR - Failed to initialize history manager: Storage folder /media/hannesn/Hannes1/Code/LocalAIServer/local_ai_server/storage/vectors is already accessed by another instance of Qdrant client. If you require concurrent access, use Qdrant server instead.
2025-03-20 15:52:44,042 - local_ai_server.app_state - ERROR - Error initializing history manager: Storage folder /media/hannesn/Hannes1/Code/LocalAIServer/local_ai_server/storage/vectors is already accessed by another instance of Qdrant client. If you require concurrent access, use Qdrant server instead.
2025-03-20 15:52:44,042 - local_ai_server.history_manager - WARNING - Using dummy history manager with limited functionality
2025-03-20 15:52:44,043 - local_ai_server.app_state - WARNING - Using dummy history manager due to initialization failure
2025-03-20 15:59:12,767 - local_ai_server.app_state - INFO - Cleaning up application resources...
2025-03-20 15:59:12,768 - local_ai_server.app_state - INFO - Vector store closed
2025-03-20 15:59:12,768 - local_ai_server.app_state - INFO - History manager closed
2025-03-20 15:59:22,598 - local_ai_server.vector_store_factory - INFO - Using ChromaDB vector store (path: default)
2025-03-20 15:59:23,282 - local_ai_server.chroma_store - INFO - Created collection: documents
2025-03-20 15:59:23,295 - sentence_transformers.SentenceTransformer - INFO - Use pytorch device_name: cpu
2025-03-20 15:59:23,295 - sentence_transformers.SentenceTransformer - INFO - Load pretrained SentenceTransformer: sentence-transformers/all-MiniLM-L6-v2
2025-03-20 15:59:25,834 - local_ai_server.chroma_store - INFO - ChromaDB vector store initialized at /media/hannesn/Hannes1/Code/LocalAIServer/local_ai_server/storage/chroma
2025-03-20 15:59:25,834 - local_ai_server.app_state - INFO - Vector store initialized
2025-03-20 15:59:26,619 - sentence_transformers.SentenceTransformer - INFO - Use pytorch device_name: cpu
2025-03-20 15:59:26,620 - sentence_transformers.SentenceTransformer - INFO - Load pretrained SentenceTransformer: sentence-transformers/all-MiniLM-L6-v2
2025-03-20 15:59:33,443 - local_ai_server.history_manager - INFO - Created collection: response_history
2025-03-20 15:59:33,443 - local_ai_server.history_manager - INFO - Response history manager initialized (enabled: True)
2025-03-20 15:59:33,443 - local_ai_server.app_state - INFO - History manager initialized
2025-03-20 16:08:02,882 - local_ai_server.app_state - INFO - Cleaning up application resources...
2025-03-20 16:08:02,882 - local_ai_server.app_state - INFO - Vector store closed
2025-03-20 16:08:02,883 - local_ai_server.app_state - INFO - History manager closed
2025-03-20 16:11:34,174 - local_ai_server.vector_store_factory - INFO - Using ChromaDB vector store (path: default)
2025-03-20 16:11:34,569 - sentence_transformers.SentenceTransformer - INFO - Use pytorch device_name: cpu
2025-03-20 16:11:34,569 - sentence_transformers.SentenceTransformer - INFO - Load pretrained SentenceTransformer: sentence-transformers/all-MiniLM-L6-v2
2025-03-20 16:11:36,771 - local_ai_server.chroma_store - INFO - ChromaDB vector store initialized at /media/hannesn/Hannes1/Code/LocalAIServer/local_ai_server/storage/chroma
2025-03-20 16:11:36,771 - local_ai_server.app_state - INFO - Vector store initialized
2025-03-20 16:11:37,554 - sentence_transformers.SentenceTransformer - INFO - Use pytorch device_name: cpu
2025-03-20 16:11:37,555 - sentence_transformers.SentenceTransformer - INFO - Load pretrained SentenceTransformer: sentence-transformers/all-MiniLM-L6-v2
2025-03-20 16:11:39,359 - local_ai_server.history_manager - INFO - Created ChromaDB collection: response_history
2025-03-20 16:11:39,359 - local_ai_server.history_manager - INFO - Response history manager initialized (enabled: True)
2025-03-20 16:11:39,359 - local_ai_server.app_state - INFO - History manager initialized
2025-03-20 16:15:03,145 - chromadb.segment.impl.vector.local_persistent_hnsw - WARNING - Number of requested results 10 is greater than number of elements in index 1, updating n_results = 1
2025-03-20 16:15:23,002 - chromadb.segment.impl.vector.local_persistent_hnsw - WARNING - Number of requested results 10 is greater than number of elements in index 1, updating n_results = 1
2025-03-20 16:15:57,783 - chromadb.segment.impl.vector.local_persistent_hnsw - WARNING - Number of requested results 3 is greater than number of elements in index 1, updating n_results = 1
2025-03-20 16:17:02,442 - chromadb.segment.impl.vector.local_persistent_hnsw - WARNING - Number of requested results 3 is greater than number of elements in index 2, updating n_results = 2
2025-03-20 16:50:56,337 - local_ai_server.vector_store_factory - INFO - Using ChromaDB vector store (path: default)
2025-03-20 16:50:56,725 - sentence_transformers.SentenceTransformer - INFO - Use pytorch device_name: cpu
2025-03-20 16:50:56,726 - sentence_transformers.SentenceTransformer - INFO - Load pretrained SentenceTransformer: sentence-transformers/all-MiniLM-L6-v2
2025-03-20 16:50:58,730 - local_ai_server.chroma_store - INFO - ChromaDB vector store initialized at /media/hannesn/Hannes1/Code/LocalAIServer/local_ai_server/storage/chroma
2025-03-20 16:50:58,730 - local_ai_server.app_state - INFO - Vector store initialized
2025-03-20 16:50:59,348 - sentence_transformers.SentenceTransformer - INFO - Use pytorch device_name: cpu
2025-03-20 16:50:59,348 - sentence_transformers.SentenceTransformer - INFO - Load pretrained SentenceTransformer: sentence-transformers/all-MiniLM-L6-v2
2025-03-20 16:51:01,229 - local_ai_server.history_manager - INFO - Response history manager initialized (enabled: True)
2025-03-20 16:51:01,229 - local_ai_server.app_state - INFO - History manager initialized
2025-03-20 16:52:09,748 - local_ai_server.endpoints - ERROR - Error in chat completion: The session is unavailable because no secret key was set.  Set the secret_key on the application to something unique and secret.
Traceback (most recent call last):
  File "/media/hannesn/Hannes1/Code/LocalAIServer/local_ai_server/endpoints.py", line 89, in chat_completion
    user_id = get_user_id()
              ^^^^^^^^^^^^^
  File "/media/hannesn/Hannes1/Code/LocalAIServer/local_ai_server/endpoints.py", line 44, in get_user_id
    session['user_id'] = user_id
    ~~~~~~~^^^^^^^^^^^
  File "/media/hannesn/Hannes1/Code/LocalAIServer/.venv/lib/python3.12/site-packages/flask/sessions.py", line 104, in _fail
    raise RuntimeError(
RuntimeError: The session is unavailable because no secret key was set.  Set the secret_key on the application to something unique and secret.
2025-03-20 16:53:56,263 - local_ai_server.app_state - INFO - Cleaning up application resources...
2025-03-20 16:53:56,263 - local_ai_server.app_state - INFO - Vector store closed
2025-03-20 16:53:56,266 - local_ai_server.app_state - INFO - History manager closed
2025-03-20 16:54:10,547 - local_ai_server.vector_store_factory - INFO - Using ChromaDB vector store (path: default)
2025-03-20 16:54:11,014 - sentence_transformers.SentenceTransformer - INFO - Use pytorch device_name: cpu
2025-03-20 16:54:11,014 - sentence_transformers.SentenceTransformer - INFO - Load pretrained SentenceTransformer: sentence-transformers/all-MiniLM-L6-v2
2025-03-20 16:54:13,699 - local_ai_server.chroma_store - INFO - ChromaDB vector store initialized at /media/hannesn/Hannes1/Code/LocalAIServer/local_ai_server/storage/chroma
2025-03-20 16:54:13,700 - local_ai_server.app_state - INFO - Vector store initialized
2025-03-20 16:54:14,520 - sentence_transformers.SentenceTransformer - INFO - Use pytorch device_name: cpu
2025-03-20 16:54:14,520 - sentence_transformers.SentenceTransformer - INFO - Load pretrained SentenceTransformer: sentence-transformers/all-MiniLM-L6-v2
2025-03-20 16:54:17,896 - local_ai_server.history_manager - INFO - Response history manager initialized (enabled: True)
2025-03-20 16:54:17,896 - local_ai_server.app_state - INFO - History manager initialized
2025-03-20 16:54:40,863 - local_ai_server.endpoints - WARNING - Session handling error, using fallback ID: name 'flask' is not defined
2025-03-20 16:54:40,916 - chromadb.segment.impl.vector.local_persistent_hnsw - WARNING - Number of requested results 5 is greater than number of elements in index 3, updating n_results = 3
2025-03-20 16:55:32,912 - local_ai_server.endpoints - WARNING - Session handling error, using fallback ID: name 'flask' is not defined
2025-03-20 16:55:32,942 - chromadb.segment.impl.vector.local_persistent_hnsw - WARNING - Number of requested results 5 is greater than number of elements in index 4, updating n_results = 4
2025-03-20 17:06:12,722 - local_ai_server.app_state - INFO - Cleaning up application resources...
2025-03-20 17:06:12,722 - local_ai_server.app_state - INFO - Vector store closed
2025-03-20 17:06:12,722 - local_ai_server.app_state - INFO - History manager closed
2025-03-20 17:07:51,753 - local_ai_server.server - WARNING - flask-session package not installed. Using fallback cookie-based sessions.
2025-03-20 17:07:51,786 - local_ai_server.vector_store_factory - INFO - Using ChromaDB vector store (path: default)
2025-03-20 17:07:52,283 - sentence_transformers.SentenceTransformer - INFO - Use pytorch device_name: cpu
2025-03-20 17:07:52,283 - sentence_transformers.SentenceTransformer - INFO - Load pretrained SentenceTransformer: sentence-transformers/all-MiniLM-L6-v2
2025-03-20 17:07:54,667 - local_ai_server.chroma_store - INFO - ChromaDB vector store initialized at /media/hannesn/Hannes1/Code/LocalAIServer/local_ai_server/storage/chroma
2025-03-20 17:07:54,667 - local_ai_server.app_state - INFO - Vector store initialized
2025-03-20 17:07:55,793 - sentence_transformers.SentenceTransformer - INFO - Use pytorch device_name: cpu
2025-03-20 17:07:55,794 - sentence_transformers.SentenceTransformer - INFO - Load pretrained SentenceTransformer: sentence-transformers/all-MiniLM-L6-v2
2025-03-20 17:07:57,413 - local_ai_server.history_manager - INFO - Response history manager initialized (enabled: True)
2025-03-20 17:07:57,413 - local_ai_server.app_state - INFO - History manager initialized
2025-03-20 17:09:11,561 - local_ai_server.endpoints - ERROR - Error in chat completion: name 'app_history_manager' is not defined
Traceback (most recent call last):
  File "/media/hannesn/Hannes1/Code/LocalAIServer/local_ai_server/endpoints.py", line 171, in chat_completion
    if app_history_manager is not None:
       ^^^^^^^^^^^^^^^^^^^
NameError: name 'app_history_manager' is not defined
2025-03-20 17:09:31,797 - local_ai_server.app_state - INFO - Cleaning up application resources...
2025-03-20 17:09:31,798 - local_ai_server.app_state - INFO - Vector store closed
2025-03-20 17:09:31,798 - local_ai_server.app_state - INFO - History manager closed
2025-03-20 17:10:28,445 - local_ai_server.server - WARNING - flask-session package not installed. Using fallback cookie-based sessions.
2025-03-20 17:10:28,506 - local_ai_server.vector_store_factory - INFO - Using ChromaDB vector store (path: default)
2025-03-20 17:10:29,446 - sentence_transformers.SentenceTransformer - INFO - Use pytorch device_name: cpu
2025-03-20 17:10:29,446 - sentence_transformers.SentenceTransformer - INFO - Load pretrained SentenceTransformer: sentence-transformers/all-MiniLM-L6-v2
2025-03-20 17:10:31,760 - local_ai_server.chroma_store - INFO - ChromaDB vector store initialized at /media/hannesn/Hannes1/Code/LocalAIServer/local_ai_server/storage/chroma
2025-03-20 17:10:31,760 - local_ai_server.app_state - INFO - Vector store initialized
2025-03-20 17:10:32,947 - sentence_transformers.SentenceTransformer - INFO - Use pytorch device_name: cpu
2025-03-20 17:10:32,947 - sentence_transformers.SentenceTransformer - INFO - Load pretrained SentenceTransformer: sentence-transformers/all-MiniLM-L6-v2
2025-03-20 17:10:34,631 - local_ai_server.history_manager - INFO - Response history manager initialized (enabled: True)
2025-03-20 17:10:34,631 - local_ai_server.app_state - INFO - History manager initialized
2025-03-21 09:13:31,374 - local_ai_server.server - WARNING - flask-session package not installed. Using fallback cookie-based sessions.
2025-03-21 09:13:31,402 - local_ai_server.vector_store_factory - INFO - Using ChromaDB vector store (path: default)
2025-03-21 09:13:31,839 - sentence_transformers.SentenceTransformer - INFO - Use pytorch device_name: cpu
2025-03-21 09:13:31,840 - sentence_transformers.SentenceTransformer - INFO - Load pretrained SentenceTransformer: sentence-transformers/all-MiniLM-L6-v2
2025-03-21 09:13:34,161 - local_ai_server.chroma_store - INFO - ChromaDB vector store initialized at /media/hannesn/Hannes1/Code/LocalAIServer/local_ai_server/storage/chroma
2025-03-21 09:13:34,161 - local_ai_server.app_state - INFO - Vector store initialized
2025-03-21 09:13:35,111 - sentence_transformers.SentenceTransformer - INFO - Use pytorch device_name: cpu
2025-03-21 09:13:35,111 - sentence_transformers.SentenceTransformer - INFO - Load pretrained SentenceTransformer: sentence-transformers/all-MiniLM-L6-v2
2025-03-21 09:13:40,809 - local_ai_server.history_manager - INFO - Response history manager initialized (enabled: True)
2025-03-21 09:13:40,809 - local_ai_server.app_state - INFO - History manager initialized
2025-03-21 09:18:22,962 - local_ai_server.app_state - INFO - Cleaning up application resources...
2025-03-21 09:18:22,962 - local_ai_server.app_state - INFO - Vector store closed
2025-03-21 09:18:22,963 - local_ai_server.app_state - INFO - History manager closed
2025-03-21 09:20:54,092 - local_ai_server.server - WARNING - flask-session package not installed. Using fallback cookie-based sessions.
2025-03-21 09:20:54,109 - local_ai_server.vector_store_factory - INFO - Using ChromaDB vector store (path: default)
2025-03-21 09:20:54,487 - sentence_transformers.SentenceTransformer - INFO - Use pytorch device_name: cpu
2025-03-21 09:20:54,487 - sentence_transformers.SentenceTransformer - INFO - Load pretrained SentenceTransformer: sentence-transformers/all-MiniLM-L6-v2
2025-03-21 09:20:59,290 - local_ai_server.chroma_store - INFO - ChromaDB vector store initialized at /media/hannesn/Hannes1/Code/LocalAIServer/local_ai_server/storage/chroma
2025-03-21 09:20:59,290 - local_ai_server.app_state - INFO - Vector store initialized
2025-03-21 09:21:00,621 - sentence_transformers.SentenceTransformer - INFO - Use pytorch device_name: cpu
2025-03-21 09:21:00,621 - sentence_transformers.SentenceTransformer - INFO - Load pretrained SentenceTransformer: sentence-transformers/all-MiniLM-L6-v2
2025-03-21 09:21:02,361 - local_ai_server.history_manager - INFO - Response history manager initialized (enabled: True)
2025-03-21 09:21:02,361 - local_ai_server.app_state - INFO - History manager initialized
2025-03-21 09:23:06,030 - local_ai_server.app_state - INFO - Cleaning up application resources...
2025-03-21 09:23:06,030 - local_ai_server.app_state - INFO - Vector store closed
2025-03-21 09:23:06,031 - local_ai_server.app_state - INFO - History manager closed
2025-03-21 09:24:43,813 - local_ai_server.server - WARNING - flask-session package not installed. Using fallback cookie-based sessions.
2025-03-21 09:24:43,829 - local_ai_server.vector_store_factory - INFO - Using ChromaDB vector store (path: default)
2025-03-21 09:24:44,184 - sentence_transformers.SentenceTransformer - INFO - Use pytorch device_name: cpu
2025-03-21 09:24:44,184 - sentence_transformers.SentenceTransformer - INFO - Load pretrained SentenceTransformer: sentence-transformers/all-MiniLM-L6-v2
2025-03-21 09:24:45,807 - local_ai_server.chroma_store - INFO - ChromaDB vector store initialized at /media/hannesn/Hannes1/Code/LocalAIServer/local_ai_server/storage/chroma
2025-03-21 09:24:45,807 - local_ai_server.app_state - INFO - Vector store initialized
2025-03-21 09:24:46,634 - sentence_transformers.SentenceTransformer - INFO - Use pytorch device_name: cpu
2025-03-21 09:24:46,634 - sentence_transformers.SentenceTransformer - INFO - Load pretrained SentenceTransformer: sentence-transformers/all-MiniLM-L6-v2
2025-03-21 09:24:50,005 - local_ai_server.history_manager - INFO - Response history manager initialized (enabled: True)
2025-03-21 09:24:50,005 - local_ai_server.app_state - INFO - History manager initialized
2025-03-21 09:24:52,468 - local_ai_server.app_state - INFO - Cleaning up application resources...
2025-03-21 09:24:52,469 - local_ai_server.app_state - INFO - Vector store closed
2025-03-21 09:24:52,469 - local_ai_server.app_state - INFO - History manager closed
2025-03-21 09:24:52,667 - local_ai_server.app_state - INFO - Cleaning up application resources...
2025-03-21 09:24:52,668 - local_ai_server.app_state - INFO - Vector store closed
2025-03-21 09:24:52,668 - local_ai_server.app_state - INFO - History manager closed
2025-03-21 09:25:08,430 - local_ai_server.server - WARNING - flask-session package not installed. Using fallback cookie-based sessions.
2025-03-21 09:25:08,446 - local_ai_server.vector_store_factory - INFO - Using ChromaDB vector store (path: default)
2025-03-21 09:25:08,808 - sentence_transformers.SentenceTransformer - INFO - Use pytorch device_name: cpu
2025-03-21 09:25:08,808 - sentence_transformers.SentenceTransformer - INFO - Load pretrained SentenceTransformer: sentence-transformers/all-MiniLM-L6-v2
2025-03-21 09:25:10,481 - local_ai_server.chroma_store - INFO - ChromaDB vector store initialized at /media/hannesn/Hannes1/Code/LocalAIServer/local_ai_server/storage/chroma
2025-03-21 09:25:10,481 - local_ai_server.app_state - INFO - Vector store initialized
2025-03-21 09:25:11,751 - sentence_transformers.SentenceTransformer - INFO - Use pytorch device_name: cpu
2025-03-21 09:25:11,752 - sentence_transformers.SentenceTransformer - INFO - Load pretrained SentenceTransformer: sentence-transformers/all-MiniLM-L6-v2
2025-03-21 09:25:13,329 - local_ai_server.history_manager - INFO - Response history manager initialized (enabled: True)
2025-03-21 09:25:13,329 - local_ai_server.app_state - INFO - History manager initialized
2025-03-21 09:41:01,801 - sentence_transformers.SentenceTransformer - INFO - Use pytorch device_name: cpu
2025-03-21 09:41:01,802 - sentence_transformers.SentenceTransformer - INFO - Load pretrained SentenceTransformer: sentence-transformers/all-MiniLM-L6-v2
2025-03-21 09:43:47,297 - local_ai_server.vector_store - WARNING - query_points failed, falling back to search: Unknown arguments: ['query_vector']
2025-03-21 09:46:48,387 - local_ai_server.app_state - INFO - Cleaning up application resources...
2025-03-21 09:46:48,387 - local_ai_server.app_state - INFO - Vector store closed
2025-03-21 09:46:48,387 - local_ai_server.app_state - INFO - History manager closed
2025-03-21 09:46:48,949 - local_ai_server.app_state - INFO - Cleaning up application resources...
2025-03-21 09:46:48,950 - local_ai_server.app_state - INFO - Vector store closed
2025-03-21 09:46:48,950 - local_ai_server.app_state - INFO - History manager closed
2025-03-21 09:51:34,424 - local_ai_server.server - WARNING - flask-session package not installed. Using fallback cookie-based sessions.
2025-03-21 09:51:34,460 - local_ai_server.vector_store_factory - INFO - Using ChromaDB vector store (path: default)
2025-03-21 09:51:34,804 - sentence_transformers.SentenceTransformer - INFO - Use pytorch device_name: cpu
2025-03-21 09:51:34,804 - sentence_transformers.SentenceTransformer - INFO - Load pretrained SentenceTransformer: sentence-transformers/all-MiniLM-L6-v2
2025-03-21 09:51:36,701 - local_ai_server.chroma_store - INFO - ChromaDB vector store initialized at /media/hannesn/Hannes1/Code/LocalAIServer/local_ai_server/storage/chroma
2025-03-21 09:51:36,702 - local_ai_server.app_state - INFO - Vector store initialized
2025-03-21 09:51:38,099 - sentence_transformers.SentenceTransformer - INFO - Use pytorch device_name: cpu
2025-03-21 09:51:38,100 - sentence_transformers.SentenceTransformer - INFO - Load pretrained SentenceTransformer: sentence-transformers/all-MiniLM-L6-v2
2025-03-21 09:51:40,049 - local_ai_server.history_manager - INFO - Response history manager initialized (enabled: True)
2025-03-21 09:51:40,049 - local_ai_server.app_state - INFO - History manager initialized
2025-03-21 09:51:47,991 - sentence_transformers.SentenceTransformer - INFO - Use pytorch device_name: cpu
2025-03-21 09:51:47,991 - sentence_transformers.SentenceTransformer - INFO - Load pretrained SentenceTransformer: sentence-transformers/all-MiniLM-L6-v2
2025-03-21 09:51:51,060 - local_ai_server.vector_store - WARNING - query_points failed, falling back to search: Unknown arguments: ['query_vector']
2025-03-21 09:54:00,188 - local_ai_server.app_state - INFO - Cleaning up application resources...
2025-03-21 09:54:00,188 - local_ai_server.app_state - INFO - Vector store closed
2025-03-21 09:54:00,189 - local_ai_server.app_state - INFO - History manager closed
2025-03-21 09:54:00,845 - local_ai_server.app_state - INFO - Cleaning up application resources...
2025-03-21 09:54:00,845 - local_ai_server.app_state - INFO - Vector store closed
2025-03-21 09:54:00,845 - local_ai_server.app_state - INFO - History manager closed
2025-03-21 09:55:53,436 - local_ai_server.server - WARNING - flask-session package not installed. Using fallback cookie-based sessions.
2025-03-21 09:55:53,465 - local_ai_server.vector_store_factory - INFO - Using ChromaDB vector store (path: default)
2025-03-21 09:55:53,817 - sentence_transformers.SentenceTransformer - INFO - Use pytorch device_name: cpu
2025-03-21 09:55:53,817 - sentence_transformers.SentenceTransformer - INFO - Load pretrained SentenceTransformer: sentence-transformers/all-MiniLM-L6-v2
2025-03-21 09:55:55,742 - local_ai_server.chroma_store - INFO - ChromaDB vector store initialized at /media/hannesn/Hannes1/Code/LocalAIServer/local_ai_server/storage/chroma
2025-03-21 09:55:55,743 - local_ai_server.app_state - INFO - Vector store initialized
2025-03-21 09:55:56,840 - sentence_transformers.SentenceTransformer - INFO - Use pytorch device_name: cpu
2025-03-21 09:55:56,840 - sentence_transformers.SentenceTransformer - INFO - Load pretrained SentenceTransformer: sentence-transformers/all-MiniLM-L6-v2
2025-03-21 09:55:58,711 - local_ai_server.history_manager - INFO - Response history manager initialized (enabled: True)
2025-03-21 09:55:58,711 - local_ai_server.app_state - INFO - History manager initialized
2025-03-21 09:56:41,373 - sentence_transformers.SentenceTransformer - INFO - Use pytorch device_name: cpu
2025-03-21 09:56:41,373 - sentence_transformers.SentenceTransformer - INFO - Load pretrained SentenceTransformer: sentence-transformers/all-MiniLM-L6-v2
2025-03-21 09:56:43,216 - local_ai_server.vector_store - WARNING - query_points failed, falling back to search: Unknown arguments: ['query_vector']
2025-03-21 10:00:56,681 - local_ai_server.app_state - INFO - Cleaning up application resources...
2025-03-21 10:00:56,681 - local_ai_server.app_state - INFO - Vector store closed
2025-03-21 10:00:56,682 - local_ai_server.app_state - INFO - History manager closed
2025-03-21 10:00:57,458 - local_ai_server.app_state - INFO - Cleaning up application resources...
2025-03-21 10:00:57,459 - local_ai_server.app_state - INFO - Vector store closed
2025-03-21 10:00:57,459 - local_ai_server.app_state - INFO - History manager closed
2025-03-21 10:01:06,409 - local_ai_server.server - WARNING - flask-session package not installed. Using fallback cookie-based sessions.
2025-03-21 10:01:06,431 - local_ai_server.vector_store_factory - INFO - Using ChromaDB vector store (path: default)
2025-03-21 10:01:06,777 - sentence_transformers.SentenceTransformer - INFO - Use pytorch device_name: cpu
2025-03-21 10:01:06,777 - sentence_transformers.SentenceTransformer - INFO - Load pretrained SentenceTransformer: sentence-transformers/all-MiniLM-L6-v2
2025-03-21 10:01:08,372 - local_ai_server.chroma_store - INFO - ChromaDB vector store initialized at /media/hannesn/Hannes1/Code/LocalAIServer/local_ai_server/storage/chroma
2025-03-21 10:01:08,372 - local_ai_server.app_state - INFO - Vector store initialized
2025-03-21 10:01:08,937 - sentence_transformers.SentenceTransformer - INFO - Use pytorch device_name: cpu
2025-03-21 10:01:08,938 - sentence_transformers.SentenceTransformer - INFO - Load pretrained SentenceTransformer: sentence-transformers/all-MiniLM-L6-v2
2025-03-21 10:01:11,039 - local_ai_server.history_manager - INFO - Response history manager initialized (enabled: True)
2025-03-21 10:01:11,039 - local_ai_server.app_state - INFO - History manager initialized
2025-03-21 10:01:17,110 - sentence_transformers.SentenceTransformer - INFO - Use pytorch device_name: cpu
2025-03-21 10:01:17,110 - sentence_transformers.SentenceTransformer - INFO - Load pretrained SentenceTransformer: sentence-transformers/all-MiniLM-L6-v2
2025-03-21 10:01:19,243 - local_ai_server.vector_store - WARNING - query_points failed, falling back to search: Unknown arguments: ['query_vector']
2025-03-21 10:07:22,731 - local_ai_server.app_state - INFO - Cleaning up application resources...
2025-03-21 10:07:22,731 - local_ai_server.app_state - INFO - Vector store closed
2025-03-21 10:07:22,731 - local_ai_server.app_state - INFO - History manager closed
2025-03-21 10:07:23,405 - local_ai_server.app_state - INFO - Cleaning up application resources...
2025-03-21 10:07:23,405 - local_ai_server.app_state - INFO - Vector store closed
2025-03-21 10:07:23,405 - local_ai_server.app_state - INFO - History manager closed
2025-03-21 10:08:08,511 - local_ai_server.server - WARNING - flask-session package not installed. Using fallback cookie-based sessions.
2025-03-21 10:08:08,545 - local_ai_server.vector_store_factory - INFO - Using ChromaDB vector store (path: default)
2025-03-21 10:08:09,030 - sentence_transformers.SentenceTransformer - INFO - Use pytorch device_name: cpu
2025-03-21 10:08:09,030 - sentence_transformers.SentenceTransformer - INFO - Load pretrained SentenceTransformer: sentence-transformers/all-MiniLM-L6-v2
2025-03-21 10:08:12,128 - local_ai_server.chroma_store - INFO - ChromaDB vector store initialized at /media/hannesn/Hannes1/Code/LocalAIServer/local_ai_server/storage/chroma
2025-03-21 10:08:12,128 - local_ai_server.app_state - INFO - Vector store initialized
2025-03-21 10:08:13,458 - sentence_transformers.SentenceTransformer - INFO - Use pytorch device_name: cpu
2025-03-21 10:08:13,459 - sentence_transformers.SentenceTransformer - INFO - Load pretrained SentenceTransformer: sentence-transformers/all-MiniLM-L6-v2
2025-03-21 10:08:15,434 - local_ai_server.history_manager - INFO - Response history manager initialized (enabled: True)
2025-03-21 10:08:15,434 - local_ai_server.app_state - INFO - History manager initialized
2025-03-21 10:08:26,700 - sentence_transformers.SentenceTransformer - INFO - Use pytorch device_name: cpu
2025-03-21 10:08:26,701 - sentence_transformers.SentenceTransformer - INFO - Load pretrained SentenceTransformer: sentence-transformers/all-MiniLM-L6-v2
2025-03-21 10:08:31,351 - local_ai_server.vector_store - WARNING - query_points failed, falling back to search: Unknown arguments: ['query_vector']
2025-03-21 10:12:53,726 - local_ai_server.app_state - INFO - Cleaning up application resources...
2025-03-21 10:12:53,726 - local_ai_server.app_state - INFO - Vector store closed
2025-03-21 10:12:53,726 - local_ai_server.app_state - INFO - History manager closed
2025-03-21 10:12:54,679 - local_ai_server.app_state - INFO - Cleaning up application resources...
2025-03-21 10:12:54,679 - local_ai_server.app_state - INFO - Vector store closed
2025-03-21 10:12:54,680 - local_ai_server.app_state - INFO - History manager closed
2025-03-21 10:13:40,022 - local_ai_server.server - WARNING - flask-session package not installed. Using fallback cookie-based sessions.
2025-03-21 10:13:40,048 - local_ai_server.vector_store_factory - INFO - Using ChromaDB vector store (path: default)
2025-03-21 10:13:40,390 - sentence_transformers.SentenceTransformer - INFO - Use pytorch device_name: cpu
2025-03-21 10:13:40,390 - sentence_transformers.SentenceTransformer - INFO - Load pretrained SentenceTransformer: sentence-transformers/all-MiniLM-L6-v2
2025-03-21 10:13:42,892 - local_ai_server.chroma_store - INFO - ChromaDB vector store initialized at /media/hannesn/Hannes1/Code/LocalAIServer/local_ai_server/storage/chroma
2025-03-21 10:13:42,892 - local_ai_server.app_state - INFO - Vector store initialized
2025-03-21 10:13:44,090 - sentence_transformers.SentenceTransformer - INFO - Use pytorch device_name: cpu
2025-03-21 10:13:44,090 - sentence_transformers.SentenceTransformer - INFO - Load pretrained SentenceTransformer: sentence-transformers/all-MiniLM-L6-v2
2025-03-21 10:13:45,921 - local_ai_server.history_manager - INFO - Response history manager initialized (enabled: True)
2025-03-21 10:13:45,921 - local_ai_server.app_state - INFO - History manager initialized
2025-03-21 10:13:51,519 - sentence_transformers.SentenceTransformer - INFO - Use pytorch device_name: cpu
2025-03-21 10:13:51,519 - sentence_transformers.SentenceTransformer - INFO - Load pretrained SentenceTransformer: sentence-transformers/all-MiniLM-L6-v2
2025-03-21 10:13:55,433 - local_ai_server.vector_store - WARNING - query_points failed, falling back to search: Unknown arguments: ['query_vector']
2025-03-21 10:18:31,035 - local_ai_server.vector_store - WARNING - query_points failed, falling back to search: Unknown arguments: ['query_vector']
2025-03-21 10:24:29,321 - local_ai_server.app_state - INFO - Cleaning up application resources...
2025-03-21 10:24:29,322 - local_ai_server.app_state - INFO - Vector store closed
2025-03-21 10:24:29,322 - local_ai_server.app_state - INFO - History manager closed
2025-03-21 10:24:30,150 - local_ai_server.app_state - INFO - Cleaning up application resources...
2025-03-21 10:24:30,150 - local_ai_server.app_state - INFO - Vector store closed
2025-03-21 10:24:30,151 - local_ai_server.app_state - INFO - History manager closed
2025-03-21 10:25:15,274 - local_ai_server.server - WARNING - flask-session package not installed. Using fallback cookie-based sessions.
2025-03-21 10:25:15,294 - local_ai_server.vector_store_factory - INFO - Using ChromaDB vector store (path: default)
2025-03-21 10:25:15,646 - sentence_transformers.SentenceTransformer - INFO - Use pytorch device_name: cpu
2025-03-21 10:25:15,646 - sentence_transformers.SentenceTransformer - INFO - Load pretrained SentenceTransformer: sentence-transformers/all-MiniLM-L6-v2
2025-03-21 10:25:17,549 - local_ai_server.chroma_store - INFO - ChromaDB vector store initialized at /media/hannesn/Hannes1/Code/LocalAIServer/local_ai_server/storage/chroma
2025-03-21 10:25:17,549 - local_ai_server.app_state - INFO - Vector store initialized
2025-03-21 10:25:18,753 - sentence_transformers.SentenceTransformer - INFO - Use pytorch device_name: cpu
2025-03-21 10:25:18,754 - sentence_transformers.SentenceTransformer - INFO - Load pretrained SentenceTransformer: sentence-transformers/all-MiniLM-L6-v2
2025-03-21 10:25:21,331 - local_ai_server.history_manager - INFO - Response history manager initialized (enabled: True)
2025-03-21 10:25:21,331 - local_ai_server.app_state - INFO - History manager initialized
2025-03-21 10:26:28,593 - sentence_transformers.SentenceTransformer - INFO - Use pytorch device_name: cpu
2025-03-21 10:26:28,593 - sentence_transformers.SentenceTransformer - INFO - Load pretrained SentenceTransformer: sentence-transformers/all-MiniLM-L6-v2
2025-03-21 10:26:39,224 - local_ai_server.vector_store - WARNING - query_points failed, falling back to search: Unknown arguments: ['query_vector']
2025-03-21 10:29:27,434 - local_ai_server.app_state - INFO - Cleaning up application resources...
2025-03-21 10:29:27,435 - local_ai_server.app_state - INFO - Vector store closed
2025-03-21 10:29:27,435 - local_ai_server.app_state - INFO - History manager closed
2025-03-21 10:29:28,237 - local_ai_server.app_state - INFO - Cleaning up application resources...
2025-03-21 10:29:28,237 - local_ai_server.app_state - INFO - Vector store closed
2025-03-21 10:29:28,237 - local_ai_server.app_state - INFO - History manager closed
2025-03-21 11:34:57,063 - local_ai_server.server - WARNING - flask-session package not installed. Using fallback cookie-based sessions.
2025-03-21 11:34:57,090 - local_ai_server.vector_store_factory - INFO - Using ChromaDB vector store (path: default)
2025-03-21 11:34:57,476 - sentence_transformers.SentenceTransformer - INFO - Use pytorch device_name: cpu
2025-03-21 11:34:57,477 - sentence_transformers.SentenceTransformer - INFO - Load pretrained SentenceTransformer: sentence-transformers/all-MiniLM-L6-v2
2025-03-21 11:34:59,595 - local_ai_server.chroma_store - INFO - ChromaDB vector store initialized at /media/hannesn/Hannes1/Code/LocalAIServer/local_ai_server/storage/chroma
2025-03-21 11:34:59,596 - local_ai_server.app_state - INFO - Vector store initialized
2025-03-21 11:35:00,779 - sentence_transformers.SentenceTransformer - INFO - Use pytorch device_name: cpu
2025-03-21 11:35:00,780 - sentence_transformers.SentenceTransformer - INFO - Load pretrained SentenceTransformer: sentence-transformers/all-MiniLM-L6-v2
2025-03-21 11:35:02,343 - local_ai_server.history_manager - INFO - Response history manager initialized (enabled: True)
2025-03-21 11:35:02,343 - local_ai_server.app_state - INFO - History manager initialized
2025-03-21 11:35:31,651 - sentence_transformers.SentenceTransformer - INFO - Use pytorch device_name: cpu
2025-03-21 11:35:31,651 - sentence_transformers.SentenceTransformer - INFO - Load pretrained SentenceTransformer: sentence-transformers/all-MiniLM-L6-v2
2025-03-21 11:35:38,710 - local_ai_server.vector_store - WARNING - query_points failed, falling back to search: Unknown arguments: ['query_vector']
2025-03-21 11:43:13,914 - local_ai_server.app_state - INFO - Cleaning up application resources...
2025-03-21 11:43:13,914 - local_ai_server.app_state - INFO - Vector store closed
2025-03-21 11:43:13,914 - local_ai_server.app_state - INFO - History manager closed
2025-03-21 11:43:14,680 - local_ai_server.app_state - INFO - Cleaning up application resources...
2025-03-21 11:43:14,680 - local_ai_server.app_state - INFO - Vector store closed
2025-03-21 11:43:14,681 - local_ai_server.app_state - INFO - History manager closed
